<?xml version="1.0" encoding="UTF-8" ?>
<testsuite errors="0" failures="0" hostname="CPT-AA010993" name="CRUDTest" skipped="0" tests="6" time="1.033" timestamp="2016-07-28T07:56:12">
  <properties>
[...]
</properties>
  <testcase classname="CRUDTest" name="delete_records_from_table" time="0.626" />
  <testcase classname="CRUDTest" name="update_record_into_table" time="0.062" />
  <testcase classname="CRUDTest" name="establish_connection_to_database" time="0.047" />
  <testcase classname="CRUDTest" name="select_record_from_table" time="0.063" />
  <testcase classname="CRUDTest" name="insert_record_into_table" time="0.062" />
  <testcase classname="CRUDTest" name="create_table_into_database" time="0.157" />
  <system-out><![CDATA[Successful connection


Record was Deleted Successfully! 
Successful connection


Record was Updated Successfully! 
Successful connection


Successful connection


Successful connection


Record was Inserted Successfully! 
Successful connection


Table was created Successfully! 
]]></system-out>
  <system-err><![CDATA[]]></system-err>
</testsuite>
